[1.487s] DEBUG:colcon:Command line arguments: ['/usr/bin/colcon', 'build']
[1.488s] DEBUG:colcon:Parsed command line arguments: Namespace(log_base=None, log_level=None, verb_name='build', build_base='build', install_base='install', merge_install=False, symlink_install=False, test_result_base=None, continue_on_error=False, executor='parallel', parallel_workers=12, event_handlers=None, ignore_user_meta=False, metas=['./colcon.meta'], base_paths=['.'], packages_ignore=None, packages_ignore_regex=None, paths=None, packages_up_to=None, packages_up_to_regex=None, packages_above=None, packages_above_and_dependencies=None, packages_above_depth=None, packages_select_by_dep=None, packages_skip_by_dep=None, packages_skip_up_to=None, packages_select_build_failed=False, packages_skip_build_finished=False, packages_select_test_failures=False, packages_skip_test_passed=False, packages_select=None, packages_skip=None, packages_select_regex=None, packages_skip_regex=None, packages_start=None, packages_end=None, allow_overriding=[], cmake_args=None, cmake_target=None, cmake_target_skip_unavailable=False, cmake_clean_cache=False, cmake_clean_first=False, cmake_force_configure=False, ament_cmake_args=None, catkin_cmake_args=None, catkin_skip_building_tests=False, verb_parser=<colcon_defaults.argument_parser.defaults.DefaultArgumentsDecorator object at 0x706329805ea0>, verb_extension=<colcon_core.verb.build.BuildVerb object at 0x706329987760>, main=<bound method BuildVerb.main of <colcon_core.verb.build.BuildVerb object at 0x706329987760>>)
[2.021s] Level 1:colcon.colcon_core.package_discovery:discover_packages(colcon_meta) check parameters
[2.023s] Level 1:colcon.colcon_core.package_discovery:discover_packages(recursive) check parameters
[2.023s] Level 1:colcon.colcon_core.package_discovery:discover_packages(ignore) check parameters
[2.023s] Level 1:colcon.colcon_core.package_discovery:discover_packages(path) check parameters
[2.024s] Level 1:colcon.colcon_core.package_discovery:discover_packages(colcon_meta) discover
[2.025s] Level 1:colcon.colcon_core.package_discovery:discover_packages(recursive) discover
[2.025s] INFO:colcon.colcon_core.package_discovery:Crawling recursively for packages in '/home/uaskash/uas_ws'
[2.026s] Level 1:colcon.colcon_core.package_identification:_identify(.) by extensions ['ignore', 'ignore_ament_install']
[2.028s] Level 1:colcon.colcon_core.package_identification:_identify(.) by extension 'ignore'
[2.029s] Level 1:colcon.colcon_core.package_identification:_identify(.) by extension 'ignore_ament_install'
[2.030s] Level 1:colcon.colcon_core.package_identification:_identify(.) by extensions ['colcon_pkg']
[2.030s] Level 1:colcon.colcon_core.package_identification:_identify(.) by extension 'colcon_pkg'
[2.031s] Level 1:colcon.colcon_core.package_identification:_identify(.) by extensions ['colcon_meta']
[2.031s] Level 1:colcon.colcon_core.package_identification:_identify(.) by extension 'colcon_meta'
[2.032s] Level 1:colcon.colcon_core.package_identification:_identify(.) by extensions ['ros']
[2.032s] Level 1:colcon.colcon_core.package_identification:_identify(.) by extension 'ros'
[2.233s] Level 1:colcon.colcon_core.package_identification:_identify(.) by extensions ['cmake', 'python']
[2.233s] Level 1:colcon.colcon_core.package_identification:_identify(.) by extension 'cmake'
[2.234s] Level 1:colcon.colcon_core.package_identification:_identify(.) by extension 'python'
[2.235s] Level 1:colcon.colcon_core.package_identification:_identify(.) by extensions ['python_setup_py']
[2.235s] Level 1:colcon.colcon_core.package_identification:_identify(.) by extension 'python_setup_py'
[2.241s] Level 1:colcon.colcon_core.package_identification:_identify(build) by extensions ['ignore', 'ignore_ament_install']
[2.243s] Level 1:colcon.colcon_core.package_identification:_identify(build) by extension 'ignore'
[2.243s] Level 1:colcon.colcon_core.package_identification:_identify(build) ignored
[2.245s] Level 1:colcon.colcon_core.package_identification:_identify(install) by extensions ['ignore', 'ignore_ament_install']
[2.246s] Level 1:colcon.colcon_core.package_identification:_identify(install) by extension 'ignore'
[2.246s] Level 1:colcon.colcon_core.package_identification:_identify(install) ignored
[2.249s] Level 1:colcon.colcon_core.package_identification:_identify(log) by extensions ['ignore', 'ignore_ament_install']
[2.250s] Level 1:colcon.colcon_core.package_identification:_identify(log) by extension 'ignore'
[2.251s] Level 1:colcon.colcon_core.package_identification:_identify(log) ignored
[2.252s] Level 1:colcon.colcon_core.package_identification:_identify(src) by extensions ['ignore', 'ignore_ament_install']
[2.253s] Level 1:colcon.colcon_core.package_identification:_identify(src) by extension 'ignore'
[2.254s] Level 1:colcon.colcon_core.package_identification:_identify(src) by extension 'ignore_ament_install'
[2.254s] Level 1:colcon.colcon_core.package_identification:_identify(src) by extensions ['colcon_pkg']
[2.255s] Level 1:colcon.colcon_core.package_identification:_identify(src) by extension 'colcon_pkg'
[2.255s] Level 1:colcon.colcon_core.package_identification:_identify(src) by extensions ['colcon_meta']
[2.256s] Level 1:colcon.colcon_core.package_identification:_identify(src) by extension 'colcon_meta'
[2.257s] Level 1:colcon.colcon_core.package_identification:_identify(src) by extensions ['ros']
[2.257s] Level 1:colcon.colcon_core.package_identification:_identify(src) by extension 'ros'
[2.258s] Level 1:colcon.colcon_core.package_identification:_identify(src) by extensions ['cmake', 'python']
[2.258s] Level 1:colcon.colcon_core.package_identification:_identify(src) by extension 'cmake'
[2.259s] Level 1:colcon.colcon_core.package_identification:_identify(src) by extension 'python'
[2.259s] Level 1:colcon.colcon_core.package_identification:_identify(src) by extensions ['python_setup_py']
[2.260s] Level 1:colcon.colcon_core.package_identification:_identify(src) by extension 'python_setup_py'
[2.261s] Level 1:colcon.colcon_core.package_identification:_identify(src/thrust_package) by extensions ['ignore', 'ignore_ament_install']
[2.262s] Level 1:colcon.colcon_core.package_identification:_identify(src/thrust_package) by extension 'ignore'
[2.263s] Level 1:colcon.colcon_core.package_identification:_identify(src/thrust_package) by extension 'ignore_ament_install'
[2.264s] Level 1:colcon.colcon_core.package_identification:_identify(src/thrust_package) by extensions ['colcon_pkg']
[2.264s] Level 1:colcon.colcon_core.package_identification:_identify(src/thrust_package) by extension 'colcon_pkg'
[2.265s] Level 1:colcon.colcon_core.package_identification:_identify(src/thrust_package) by extensions ['colcon_meta']
[2.265s] Level 1:colcon.colcon_core.package_identification:_identify(src/thrust_package) by extension 'colcon_meta'
[2.266s] Level 1:colcon.colcon_core.package_identification:_identify(src/thrust_package) by extensions ['ros']
[2.266s] Level 1:colcon.colcon_core.package_identification:_identify(src/thrust_package) by extension 'ros'
[2.292s] DEBUG:colcon.colcon_core.package_identification:Package 'src/thrust_package' with type 'ros.ament_python' and name 'thrust_package'
[2.293s] Level 1:colcon.colcon_core.package_discovery:discover_packages(recursive) using defaults
[2.294s] Level 1:colcon.colcon_core.package_discovery:discover_packages(ignore) discover
[2.294s] Level 1:colcon.colcon_core.package_discovery:discover_packages(ignore) using defaults
[2.294s] Level 1:colcon.colcon_core.package_discovery:discover_packages(path) discover
[2.295s] Level 1:colcon.colcon_core.package_discovery:discover_packages(path) using defaults
[2.562s] Level 1:colcon.colcon_core.package_discovery:discover_packages(prefix_path) check parameters
[2.563s] Level 1:colcon.colcon_core.package_discovery:discover_packages(prefix_path) discover
[2.601s] DEBUG:colcon.colcon_installed_package_information.package_discovery:Found 1 installed packages in /home/uaskash/uas_ws/install
[2.612s] DEBUG:colcon.colcon_installed_package_information.package_discovery:Found 5 installed packages in /home/uaskash/crazyflie_ws/install
[2.644s] DEBUG:colcon.colcon_installed_package_information.package_discovery:Found 274 installed packages in /opt/ros/humble
[2.664s] Level 1:colcon.colcon_core.package_discovery:discover_packages(prefix_path) using defaults
[3.191s] Level 5:colcon.colcon_core.verb:set package 'thrust_package' build argument 'cmake_args' from command line to 'None'
[3.192s] Level 5:colcon.colcon_core.verb:set package 'thrust_package' build argument 'cmake_target' from command line to 'None'
[3.192s] Level 5:colcon.colcon_core.verb:set package 'thrust_package' build argument 'cmake_target_skip_unavailable' from command line to 'False'
[3.192s] Level 5:colcon.colcon_core.verb:set package 'thrust_package' build argument 'cmake_clean_cache' from command line to 'False'
[3.193s] Level 5:colcon.colcon_core.verb:set package 'thrust_package' build argument 'cmake_clean_first' from command line to 'False'
[3.193s] Level 5:colcon.colcon_core.verb:set package 'thrust_package' build argument 'cmake_force_configure' from command line to 'False'
[3.193s] Level 5:colcon.colcon_core.verb:set package 'thrust_package' build argument 'ament_cmake_args' from command line to 'None'
[3.193s] Level 5:colcon.colcon_core.verb:set package 'thrust_package' build argument 'catkin_cmake_args' from command line to 'None'
[3.194s] Level 5:colcon.colcon_core.verb:set package 'thrust_package' build argument 'catkin_skip_building_tests' from command line to 'False'
[3.194s] DEBUG:colcon.colcon_core.verb:Building package 'thrust_package' with the following arguments: {'ament_cmake_args': None, 'build_base': '/home/uaskash/uas_ws/build/thrust_package', 'catkin_cmake_args': None, 'catkin_skip_building_tests': False, 'cmake_args': None, 'cmake_clean_cache': False, 'cmake_clean_first': False, 'cmake_force_configure': False, 'cmake_target': None, 'cmake_target_skip_unavailable': False, 'install_base': '/home/uaskash/uas_ws/install/thrust_package', 'merge_install': False, 'path': '/home/uaskash/uas_ws/src/thrust_package', 'symlink_install': False, 'test_result_base': None}
[3.197s] INFO:colcon.colcon_core.executor:Executing jobs using 'parallel' executor
[3.214s] DEBUG:colcon.colcon_parallel_executor.executor.parallel:run_until_complete
[3.216s] INFO:colcon.colcon_ros.task.ament_python.build:Building ROS package in '/home/uaskash/uas_ws/src/thrust_package' with build type 'ament_python'
[3.217s] Level 1:colcon.colcon_core.shell:create_environment_hook('thrust_package', 'ament_prefix_path')
[3.247s] INFO:colcon.colcon_core.plugin_system:Skipping extension 'colcon_core.shell.bat': Not used on non-Windows systems
[3.249s] INFO:colcon.colcon_core.shell:Creating environment hook '/home/uaskash/uas_ws/install/thrust_package/share/thrust_package/hook/ament_prefix_path.ps1'
[3.257s] INFO:colcon.colcon_core.shell:Creating environment descriptor '/home/uaskash/uas_ws/install/thrust_package/share/thrust_package/hook/ament_prefix_path.dsv'
[3.263s] INFO:colcon.colcon_core.shell:Creating environment hook '/home/uaskash/uas_ws/install/thrust_package/share/thrust_package/hook/ament_prefix_path.sh'
[3.274s] INFO:colcon.colcon_core.shell:Skip shell extension 'powershell' for command environment: Not usable outside of PowerShell
[3.275s] DEBUG:colcon.colcon_core.shell:Skip shell extension 'dsv' for command environment
[4.027s] INFO:colcon.colcon_core.task.python.build:Building Python package in '/home/uaskash/uas_ws/src/thrust_package'
[4.028s] INFO:colcon.colcon_core.shell:Skip shell extension 'powershell' for command environment: Not usable outside of PowerShell
[4.028s] DEBUG:colcon.colcon_core.shell:Skip shell extension 'dsv' for command environment
[4.620s] DEBUG:colcon.colcon_core.event_handler.log_command:Invoking command in '/home/uaskash/uas_ws/src/thrust_package': PYTHONPATH=/home/uaskash/uas_ws/build/thrust_package/prefix_override:/usr/lib/python3/dist-packages/colcon_core/task/python/colcon_distutils_commands:/home/uaskash/uas_ws/install/thrust_package/lib/python3.10/site-packages:${PYTHONPATH} /usr/bin/python3 -W ignore:setup.py install is deprecated -W ignore:easy_install command is deprecated setup.py egg_info --egg-base ../../build/thrust_package build --build-base /home/uaskash/uas_ws/build/thrust_package/build install --record /home/uaskash/uas_ws/build/thrust_package/install.log --single-version-externally-managed install_data
[5.222s] DEBUG:colcon.colcon_core.event_handler.log_command:Invoked command in '/home/uaskash/uas_ws/src/thrust_package' returned '0': PYTHONPATH=/home/uaskash/uas_ws/build/thrust_package/prefix_override:/usr/lib/python3/dist-packages/colcon_core/task/python/colcon_distutils_commands:/home/uaskash/uas_ws/install/thrust_package/lib/python3.10/site-packages:${PYTHONPATH} /usr/bin/python3 -W ignore:setup.py install is deprecated -W ignore:easy_install command is deprecated setup.py egg_info --egg-base ../../build/thrust_package build --build-base /home/uaskash/uas_ws/build/thrust_package/build install --record /home/uaskash/uas_ws/build/thrust_package/install.log --single-version-externally-managed install_data
[5.226s] Level 1:colcon.colcon_core.environment:checking '/home/uaskash/uas_ws/install/thrust_package' for CMake module files
[5.227s] Level 1:colcon.colcon_core.environment:checking '/home/uaskash/uas_ws/install/thrust_package' for CMake config files
[5.227s] Level 1:colcon.colcon_core.environment:checking '/home/uaskash/uas_ws/install/thrust_package/lib'
[5.228s] Level 1:colcon.colcon_core.environment:checking '/home/uaskash/uas_ws/install/thrust_package/bin'
[5.228s] Level 1:colcon.colcon_core.environment:checking '/home/uaskash/uas_ws/install/thrust_package/lib/pkgconfig/thrust_package.pc'
[5.228s] Level 1:colcon.colcon_core.environment:checking '/home/uaskash/uas_ws/install/thrust_package/lib/python3.10/site-packages'
[5.228s] Level 1:colcon.colcon_core.shell:create_environment_hook('thrust_package', 'pythonpath')
[5.228s] INFO:colcon.colcon_core.shell:Creating environment hook '/home/uaskash/uas_ws/install/thrust_package/share/thrust_package/hook/pythonpath.ps1'
[5.229s] INFO:colcon.colcon_core.shell:Creating environment descriptor '/home/uaskash/uas_ws/install/thrust_package/share/thrust_package/hook/pythonpath.dsv'
[5.230s] INFO:colcon.colcon_core.shell:Creating environment hook '/home/uaskash/uas_ws/install/thrust_package/share/thrust_package/hook/pythonpath.sh'
[5.231s] Level 1:colcon.colcon_core.environment:checking '/home/uaskash/uas_ws/install/thrust_package/bin'
[5.231s] Level 1:colcon.colcon_core.environment:create_environment_scripts_only(thrust_package)
[5.231s] INFO:colcon.colcon_core.shell:Creating package script '/home/uaskash/uas_ws/install/thrust_package/share/thrust_package/package.ps1'
[5.232s] INFO:colcon.colcon_core.shell:Creating package descriptor '/home/uaskash/uas_ws/install/thrust_package/share/thrust_package/package.dsv'
[5.234s] INFO:colcon.colcon_core.shell:Creating package script '/home/uaskash/uas_ws/install/thrust_package/share/thrust_package/package.sh'
[5.235s] INFO:colcon.colcon_core.shell:Creating package script '/home/uaskash/uas_ws/install/thrust_package/share/thrust_package/package.bash'
[5.236s] INFO:colcon.colcon_core.shell:Creating package script '/home/uaskash/uas_ws/install/thrust_package/share/thrust_package/package.zsh'
[5.237s] Level 1:colcon.colcon_core.environment:create_file_with_runtime_dependencies(/home/uaskash/uas_ws/install/thrust_package/share/colcon-core/packages/thrust_package)
[5.238s] DEBUG:colcon.colcon_parallel_executor.executor.parallel:closing loop
[5.238s] DEBUG:colcon.colcon_parallel_executor.executor.parallel:loop closed
[5.238s] DEBUG:colcon.colcon_parallel_executor.executor.parallel:run_until_complete finished with '0'
[5.238s] DEBUG:colcon.colcon_core.event_reactor:joining thread
[5.245s] INFO:colcon.colcon_core.plugin_system:Skipping extension 'colcon_notification.desktop_notification.notify_send': Could not find 'notify-send'
[5.246s] INFO:colcon.colcon_core.plugin_system:Skipping extension 'colcon_notification.desktop_notification.terminal_notifier': Not used on non-Darwin systems
[5.246s] INFO:colcon.colcon_core.plugin_system:Skipping extension 'colcon_notification.desktop_notification.win32': Not used on non-Windows systems
[5.246s] INFO:colcon.colcon_notification.desktop_notification:Sending desktop notification using 'notify2'
[5.250s] DEBUG:colcon.colcon_notification.desktop_notification.notify2:Failed to initialize notify2: org.freedesktop.DBus.Error.Spawn.ExecFailed: /usr/bin/dbus-launch terminated abnormally without any error message
[5.251s] DEBUG:colcon.colcon_core.event_reactor:joined thread
[5.251s] INFO:colcon.colcon_core.shell:Creating prefix script '/home/uaskash/uas_ws/install/local_setup.ps1'
[5.253s] INFO:colcon.colcon_core.shell:Creating prefix util module '/home/uaskash/uas_ws/install/_local_setup_util_ps1.py'
[5.255s] INFO:colcon.colcon_core.shell:Creating prefix chain script '/home/uaskash/uas_ws/install/setup.ps1'
[5.257s] INFO:colcon.colcon_core.shell:Creating prefix script '/home/uaskash/uas_ws/install/local_setup.sh'
[5.259s] INFO:colcon.colcon_core.shell:Creating prefix util module '/home/uaskash/uas_ws/install/_local_setup_util_sh.py'
[5.260s] INFO:colcon.colcon_core.shell:Creating prefix chain script '/home/uaskash/uas_ws/install/setup.sh'
[5.263s] INFO:colcon.colcon_core.shell:Creating prefix script '/home/uaskash/uas_ws/install/local_setup.bash'
[5.265s] INFO:colcon.colcon_core.shell:Creating prefix chain script '/home/uaskash/uas_ws/install/setup.bash'
[5.267s] INFO:colcon.colcon_core.shell:Creating prefix script '/home/uaskash/uas_ws/install/local_setup.zsh'
[5.268s] INFO:colcon.colcon_core.shell:Creating prefix chain script '/home/uaskash/uas_ws/install/setup.zsh'
