[8.301s] Invoking command in '/home/uaskash/uas_ws/src/thrust_package': PYTHONPATH=/home/uaskash/uas_ws/build/thrust_package/prefix_override:/usr/lib/python3/dist-packages/colcon_core/task/python/colcon_distutils_commands:/home/uaskash/uas_ws/install/thrust_package/lib/python3.10/site-packages:${PYTHONPATH} /usr/bin/python3 -W ignore:setup.py install is deprecated -W ignore:easy_install command is deprecated setup.py egg_info --egg-base ../../build/thrust_package build --build-base /home/uaskash/uas_ws/build/thrust_package/build install --record /home/uaskash/uas_ws/build/thrust_package/install.log --single-version-externally-managed install_data
[8.533s] /home/uaskash/.local/lib/python3.10/site-packages/setuptools/_distutils/dist.py:289: UserWarning: Unknown distribution option: 'tests_require'
[8.533s]   warnings.warn(msg)
[8.636s] running egg_info
[8.652s] writing ../../build/thrust_package/thrust_package.egg-info/PKG-INFO
[8.652s] writing dependency_links to ../../build/thrust_package/thrust_package.egg-info/dependency_links.txt
[8.653s] writing entry points to ../../build/thrust_package/thrust_package.egg-info/entry_points.txt
[8.653s] writing requirements to ../../build/thrust_package/thrust_package.egg-info/requires.txt
[8.653s] writing top-level names to ../../build/thrust_package/thrust_package.egg-info/top_level.txt
[8.693s] reading manifest file '../../build/thrust_package/thrust_package.egg-info/SOURCES.txt'
[8.693s] adding license file 'LICENSE'
[8.694s] writing manifest file '../../build/thrust_package/thrust_package.egg-info/SOURCES.txt'
[8.694s] running build
[8.694s] running build_py
[8.695s] copying thrust_package/__init__.py -> /home/uaskash/uas_ws/build/thrust_package/build/lib/thrust_package
[8.695s] copying thrust_package/thrust_command.py -> /home/uaskash/uas_ws/build/thrust_package/build/lib/thrust_package
[8.695s] copying thrust_package/position_converter.py -> /home/uaskash/uas_ws/build/thrust_package/build/lib/thrust_package
[8.695s] copying thrust_package/controller.py -> /home/uaskash/uas_ws/build/thrust_package/build/lib/thrust_package
[8.696s] copying thrust_package/arm_command.py -> /home/uaskash/uas_ws/build/thrust_package/build/lib/thrust_package
[8.696s] running install
[8.700s] running install_lib
[8.717s] copying /home/uaskash/uas_ws/build/thrust_package/build/lib/thrust_package/controller.py -> /home/uaskash/uas_ws/install/thrust_package/lib/python3.10/site-packages/thrust_package
[8.717s] byte-compiling /home/uaskash/uas_ws/install/thrust_package/lib/python3.10/site-packages/thrust_package/controller.py to controller.cpython-310.pyc
[8.718s] running install_data
[8.719s] copying resource/thrust_package -> /home/uaskash/uas_ws/install/thrust_package/share/ament_index/resource_index/packages
[8.719s] copying package.xml -> /home/uaskash/uas_ws/install/thrust_package/share/thrust_package
[8.719s] running install_egg_info
[8.737s] removing '/home/uaskash/uas_ws/install/thrust_package/lib/python3.10/site-packages/thrust_package-0.0.0-py3.10.egg-info' (and everything under it)
[8.737s] Copying ../../build/thrust_package/thrust_package.egg-info to /home/uaskash/uas_ws/install/thrust_package/lib/python3.10/site-packages/thrust_package-0.0.0-py3.10.egg-info
[8.738s] running install_scripts
[8.873s] Installing arm_command script to /home/uaskash/uas_ws/install/thrust_package/lib/thrust_package
[8.873s] Installing controller script to /home/uaskash/uas_ws/install/thrust_package/lib/thrust_package
[8.873s] Installing position_converter script to /home/uaskash/uas_ws/install/thrust_package/lib/thrust_package
[8.874s] Installing thrust script to /home/uaskash/uas_ws/install/thrust_package/lib/thrust_package
[8.874s] writing list of installed files to '/home/uaskash/uas_ws/build/thrust_package/install.log'
[8.914s] Invoked command in '/home/uaskash/uas_ws/src/thrust_package' returned '0': PYTHONPATH=/home/uaskash/uas_ws/build/thrust_package/prefix_override:/usr/lib/python3/dist-packages/colcon_core/task/python/colcon_distutils_commands:/home/uaskash/uas_ws/install/thrust_package/lib/python3.10/site-packages:${PYTHONPATH} /usr/bin/python3 -W ignore:setup.py install is deprecated -W ignore:easy_install command is deprecated setup.py egg_info --egg-base ../../build/thrust_package build --build-base /home/uaskash/uas_ws/build/thrust_package/build install --record /home/uaskash/uas_ws/build/thrust_package/install.log --single-version-externally-managed install_data
