/home/uaskash/uas_ws/install/thrust_package/lib/python3.10/site-packages/thrust_package/__init__.py
/home/uaskash/uas_ws/install/thrust_package/lib/python3.10/site-packages/thrust_package/thrust_command.py
/home/uaskash/uas_ws/install/thrust_package/lib/python3.10/site-packages/thrust_package/position_converter.py
/home/uaskash/uas_ws/install/thrust_package/lib/python3.10/site-packages/thrust_package/controller.py
/home/uaskash/uas_ws/install/thrust_package/lib/python3.10/site-packages/thrust_package/arm_command.py
/home/uaskash/uas_ws/install/thrust_package/lib/python3.10/site-packages/thrust_package/__pycache__/__init__.cpython-310.pyc
/home/uaskash/uas_ws/install/thrust_package/lib/python3.10/site-packages/thrust_package/__pycache__/thrust_command.cpython-310.pyc
/home/uaskash/uas_ws/install/thrust_package/lib/python3.10/site-packages/thrust_package/__pycache__/position_converter.cpython-310.pyc
/home/uaskash/uas_ws/install/thrust_package/lib/python3.10/site-packages/thrust_package/__pycache__/controller.cpython-310.pyc
/home/uaskash/uas_ws/install/thrust_package/lib/python3.10/site-packages/thrust_package/__pycache__/arm_command.cpython-310.pyc
/home/uaskash/uas_ws/install/thrust_package/share/ament_index/resource_index/packages/thrust_package
/home/uaskash/uas_ws/install/thrust_package/share/thrust_package/package.xml
/home/uaskash/uas_ws/install/thrust_package/lib/python3.10/site-packages/thrust_package-0.0.0-py3.10.egg-info/dependency_links.txt
/home/uaskash/uas_ws/install/thrust_package/lib/python3.10/site-packages/thrust_package-0.0.0-py3.10.egg-info/PKG-INFO
/home/uaskash/uas_ws/install/thrust_package/lib/python3.10/site-packages/thrust_package-0.0.0-py3.10.egg-info/requires.txt
/home/uaskash/uas_ws/install/thrust_package/lib/python3.10/site-packages/thrust_package-0.0.0-py3.10.egg-info/zip-safe
/home/uaskash/uas_ws/install/thrust_package/lib/python3.10/site-packages/thrust_package-0.0.0-py3.10.egg-info/entry_points.txt
/home/uaskash/uas_ws/install/thrust_package/lib/python3.10/site-packages/thrust_package-0.0.0-py3.10.egg-info/top_level.txt
/home/uaskash/uas_ws/install/thrust_package/lib/python3.10/site-packages/thrust_package-0.0.0-py3.10.egg-info/SOURCES.txt
/home/uaskash/uas_ws/install/thrust_package/lib/thrust_package/arm_command
/home/uaskash/uas_ws/install/thrust_package/lib/thrust_package/controller
/home/uaskash/uas_ws/install/thrust_package/lib/thrust_package/position_converter
/home/uaskash/uas_ws/install/thrust_package/lib/thrust_package/thrust
