[1.730s] Invoking command in '/home/uaskash/uas_ws/src/thrust_package': PYTHONPATH=/home/uaskash/uas_ws/build/thrust_package/prefix_override:/usr/lib/python3/dist-packages/colcon_core/task/python/colcon_distutils_commands:/home/uaskash/uas_ws/install/thrust_package/lib/python3.10/site-packages:${PYTHONPATH} /usr/bin/python3 -W ignore:setup.py install is deprecated -W ignore:easy_install command is deprecated setup.py egg_info --egg-base ../../build/thrust_package build --build-base /home/uaskash/uas_ws/build/thrust_package/build install --record /home/uaskash/uas_ws/build/thrust_package/install.log --single-version-externally-managed install_data
[2.102s] /home/uaskash/.local/lib/python3.10/site-packages/setuptools/_distutils/dist.py:289: UserWarning: Unknown distribution option: 'tests_require'
[2.103s]   warnings.warn(msg)
[2.323s] running egg_info
[2.359s] writing ../../build/thrust_package/thrust_package.egg-info/PKG-INFO
[2.361s] writing dependency_links to ../../build/thrust_package/thrust_package.egg-info/dependency_links.txt
[2.361s] writing entry points to ../../build/thrust_package/thrust_package.egg-info/entry_points.txt
[2.362s] writing requirements to ../../build/thrust_package/thrust_package.egg-info/requires.txt
[2.362s] writing top-level names to ../../build/thrust_package/thrust_package.egg-info/top_level.txt
[2.437s] reading manifest file '../../build/thrust_package/thrust_package.egg-info/SOURCES.txt'
[2.438s] adding license file 'LICENSE'
[2.441s] writing manifest file '../../build/thrust_package/thrust_package.egg-info/SOURCES.txt'
[2.441s] running build
[2.442s] running build_py
[2.442s] copying thrust_package/arm_command.py -> /home/uaskash/uas_ws/build/thrust_package/build/lib/thrust_package
[2.443s] copying thrust_package/thrust_command.py -> /home/uaskash/uas_ws/build/thrust_package/build/lib/thrust_package
[2.444s] copying thrust_package/__init__.py -> /home/uaskash/uas_ws/build/thrust_package/build/lib/thrust_package
[2.445s] running install
[2.453s] running install_lib
[2.488s] copying /home/uaskash/uas_ws/build/thrust_package/build/lib/thrust_package/thrust_command.py -> /home/uaskash/uas_ws/install/thrust_package/lib/python3.10/site-packages/thrust_package
[2.490s] byte-compiling /home/uaskash/uas_ws/install/thrust_package/lib/python3.10/site-packages/thrust_package/thrust_command.py to thrust_command.cpython-310.pyc
[2.493s] running install_data
[2.493s] copying resource/thrust_package -> /home/uaskash/uas_ws/install/thrust_package/share/ament_index/resource_index/packages
[2.494s] copying package.xml -> /home/uaskash/uas_ws/install/thrust_package/share/thrust_package
[2.495s] running install_egg_info
[2.532s] removing '/home/uaskash/uas_ws/install/thrust_package/lib/python3.10/site-packages/thrust_package-0.0.0-py3.10.egg-info' (and everything under it)
[2.533s] Copying ../../build/thrust_package/thrust_package.egg-info to /home/uaskash/uas_ws/install/thrust_package/lib/python3.10/site-packages/thrust_package-0.0.0-py3.10.egg-info
[2.537s] running install_scripts
[2.820s] Installing arm_command script to /home/uaskash/uas_ws/install/thrust_package/lib/thrust_package
[2.820s] Installing thrust script to /home/uaskash/uas_ws/install/thrust_package/lib/thrust_package
[2.821s] writing list of installed files to '/home/uaskash/uas_ws/build/thrust_package/install.log'
[2.947s] Invoked command in '/home/uaskash/uas_ws/src/thrust_package' returned '0': PYTHONPATH=/home/uaskash/uas_ws/build/thrust_package/prefix_override:/usr/lib/python3/dist-packages/colcon_core/task/python/colcon_distutils_commands:/home/uaskash/uas_ws/install/thrust_package/lib/python3.10/site-packages:${PYTHONPATH} /usr/bin/python3 -W ignore:setup.py install is deprecated -W ignore:easy_install command is deprecated setup.py egg_info --egg-base ../../build/thrust_package build --build-base /home/uaskash/uas_ws/build/thrust_package/build install --record /home/uaskash/uas_ws/build/thrust_package/install.log --single-version-externally-managed install_data
