[1.881s] Invoking command in '/home/uaskash/uas_ws/src/thrust_package': PYTHONPATH=/home/uaskash/uas_ws/build/thrust_package/prefix_override:/usr/lib/python3/dist-packages/colcon_core/task/python/colcon_distutils_commands:/home/uaskash/uas_ws/install/thrust_package/lib/python3.10/site-packages:${PYTHONPATH} /usr/bin/python3 -W ignore:setup.py install is deprecated -W ignore:easy_install command is deprecated setup.py egg_info --egg-base ../../build/thrust_package build --build-base /home/uaskash/uas_ws/build/thrust_package/build install --record /home/uaskash/uas_ws/build/thrust_package/install.log --single-version-externally-managed install_data
[2.274s] /home/uaskash/.local/lib/python3.10/site-packages/setuptools/_distutils/dist.py:289: UserWarning: Unknown distribution option: 'tests_require'
[2.275s]   warnings.warn(msg)
[2.494s] running egg_info
[2.529s] writing ../../build/thrust_package/thrust_package.egg-info/PKG-INFO
[2.531s] writing dependency_links to ../../build/thrust_package/thrust_package.egg-info/dependency_links.txt
[2.532s] writing entry points to ../../build/thrust_package/thrust_package.egg-info/entry_points.txt
[2.532s] writing requirements to ../../build/thrust_package/thrust_package.egg-info/requires.txt
[2.533s] writing top-level names to ../../build/thrust_package/thrust_package.egg-info/top_level.txt
[2.612s] reading manifest file '../../build/thrust_package/thrust_package.egg-info/SOURCES.txt'
[2.613s] adding license file 'LICENSE'
[2.616s] writing manifest file '../../build/thrust_package/thrust_package.egg-info/SOURCES.txt'
[2.616s] running build
[2.617s] running build_py
[2.618s] copying thrust_package/arm_command.py -> /home/uaskash/uas_ws/build/thrust_package/build/lib/thrust_package
[2.619s] copying thrust_package/thrust_command.py -> /home/uaskash/uas_ws/build/thrust_package/build/lib/thrust_package
[2.620s] copying thrust_package/__init__.py -> /home/uaskash/uas_ws/build/thrust_package/build/lib/thrust_package
[2.621s] running install
[2.630s] running install_lib
[2.668s] copying /home/uaskash/uas_ws/build/thrust_package/build/lib/thrust_package/thrust_command.py -> /home/uaskash/uas_ws/install/thrust_package/lib/python3.10/site-packages/thrust_package
[2.670s] byte-compiling /home/uaskash/uas_ws/install/thrust_package/lib/python3.10/site-packages/thrust_package/thrust_command.py to thrust_command.cpython-310.pyc
[2.673s] running install_data
[2.673s] copying resource/thrust_package -> /home/uaskash/uas_ws/install/thrust_package/share/ament_index/resource_index/packages
[2.674s] copying package.xml -> /home/uaskash/uas_ws/install/thrust_package/share/thrust_package
[2.675s] running install_egg_info
[2.711s] removing '/home/uaskash/uas_ws/install/thrust_package/lib/python3.10/site-packages/thrust_package-0.0.0-py3.10.egg-info' (and everything under it)
[2.712s] Copying ../../build/thrust_package/thrust_package.egg-info to /home/uaskash/uas_ws/install/thrust_package/lib/python3.10/site-packages/thrust_package-0.0.0-py3.10.egg-info
[2.715s] running install_scripts
[3.015s] Installing arm_command script to /home/uaskash/uas_ws/install/thrust_package/lib/thrust_package
[3.016s] Installing thrust script to /home/uaskash/uas_ws/install/thrust_package/lib/thrust_package
[3.017s] writing list of installed files to '/home/uaskash/uas_ws/build/thrust_package/install.log'
[3.137s] Invoked command in '/home/uaskash/uas_ws/src/thrust_package' returned '0': PYTHONPATH=/home/uaskash/uas_ws/build/thrust_package/prefix_override:/usr/lib/python3/dist-packages/colcon_core/task/python/colcon_distutils_commands:/home/uaskash/uas_ws/install/thrust_package/lib/python3.10/site-packages:${PYTHONPATH} /usr/bin/python3 -W ignore:setup.py install is deprecated -W ignore:easy_install command is deprecated setup.py egg_info --egg-base ../../build/thrust_package build --build-base /home/uaskash/uas_ws/build/thrust_package/build install --record /home/uaskash/uas_ws/build/thrust_package/install.log --single-version-externally-managed install_data
