[1.818s] Invoking command in '/home/uaskash/uas_ws/src/thrust_package': PYTHONPATH=/home/uaskash/uas_ws/build/thrust_package/prefix_override:/usr/lib/python3/dist-packages/colcon_core/task/python/colcon_distutils_commands:/home/uaskash/uas_ws/install/thrust_package/lib/python3.10/site-packages:${PYTHONPATH} /usr/bin/python3 -W ignore:setup.py install is deprecated -W ignore:easy_install command is deprecated setup.py egg_info --egg-base ../../build/thrust_package build --build-base /home/uaskash/uas_ws/build/thrust_package/build install --record /home/uaskash/uas_ws/build/thrust_package/install.log --single-version-externally-managed install_data
[2.227s] /home/uaskash/.local/lib/python3.10/site-packages/setuptools/_distutils/dist.py:289: UserWarning: Unknown distribution option: 'tests_require'
[2.227s]   warnings.warn(msg)
[2.459s] running egg_info
[2.492s] writing ../../build/thrust_package/thrust_package.egg-info/PKG-INFO
[2.493s] writing dependency_links to ../../build/thrust_package/thrust_package.egg-info/dependency_links.txt
[2.494s] writing entry points to ../../build/thrust_package/thrust_package.egg-info/entry_points.txt
[2.494s] writing requirements to ../../build/thrust_package/thrust_package.egg-info/requires.txt
[2.495s] writing top-level names to ../../build/thrust_package/thrust_package.egg-info/top_level.txt
[2.572s] reading manifest file '../../build/thrust_package/thrust_package.egg-info/SOURCES.txt'
[2.573s] adding license file 'LICENSE'
[2.576s] writing manifest file '../../build/thrust_package/thrust_package.egg-info/SOURCES.txt'
[2.576s] running build
[2.577s] running build_py
[2.577s] copying thrust_package/arm_command.py -> /home/uaskash/uas_ws/build/thrust_package/build/lib/thrust_package
[2.577s] copying thrust_package/thrust_command.py -> /home/uaskash/uas_ws/build/thrust_package/build/lib/thrust_package
[2.578s] copying thrust_package/__init__.py -> /home/uaskash/uas_ws/build/thrust_package/build/lib/thrust_package
[2.579s] running install
[2.587s] running install_lib
[2.631s] copying /home/uaskash/uas_ws/build/thrust_package/build/lib/thrust_package/thrust_command.py -> /home/uaskash/uas_ws/install/thrust_package/lib/python3.10/site-packages/thrust_package
[2.633s] byte-compiling /home/uaskash/uas_ws/install/thrust_package/lib/python3.10/site-packages/thrust_package/thrust_command.py to thrust_command.cpython-310.pyc
[2.635s] running install_data
[2.636s] copying resource/thrust_package -> /home/uaskash/uas_ws/install/thrust_package/share/ament_index/resource_index/packages
[2.636s] copying package.xml -> /home/uaskash/uas_ws/install/thrust_package/share/thrust_package
[2.637s] running install_egg_info
[2.685s] removing '/home/uaskash/uas_ws/install/thrust_package/lib/python3.10/site-packages/thrust_package-0.0.0-py3.10.egg-info' (and everything under it)
[2.686s] Copying ../../build/thrust_package/thrust_package.egg-info to /home/uaskash/uas_ws/install/thrust_package/lib/python3.10/site-packages/thrust_package-0.0.0-py3.10.egg-info
[2.689s] running install_scripts
[3.006s] Installing arm_command script to /home/uaskash/uas_ws/install/thrust_package/lib/thrust_package
[3.008s] Installing thrust script to /home/uaskash/uas_ws/install/thrust_package/lib/thrust_package
[3.009s] writing list of installed files to '/home/uaskash/uas_ws/build/thrust_package/install.log'
[3.140s] Invoked command in '/home/uaskash/uas_ws/src/thrust_package' returned '0': PYTHONPATH=/home/uaskash/uas_ws/build/thrust_package/prefix_override:/usr/lib/python3/dist-packages/colcon_core/task/python/colcon_distutils_commands:/home/uaskash/uas_ws/install/thrust_package/lib/python3.10/site-packages:${PYTHONPATH} /usr/bin/python3 -W ignore:setup.py install is deprecated -W ignore:easy_install command is deprecated setup.py egg_info --egg-base ../../build/thrust_package build --build-base /home/uaskash/uas_ws/build/thrust_package/build install --record /home/uaskash/uas_ws/build/thrust_package/install.log --single-version-externally-managed install_data
