[0.276s] DEBUG:colcon:Command line arguments: ['/usr/bin/colcon', 'build', '--packages-select', 'thrust_package']
[0.276s] DEBUG:colcon:Parsed command line arguments: Namespace(log_base=None, log_level=None, verb_name='build', build_base='build', install_base='install', merge_install=False, symlink_install=False, test_result_base=None, continue_on_error=False, executor='parallel', parallel_workers=8, event_handlers=None, ignore_user_meta=False, metas=['./colcon.meta'], base_paths=['.'], packages_ignore=None, packages_ignore_regex=None, paths=None, packages_up_to=None, packages_up_to_regex=None, packages_above=None, packages_above_and_dependencies=None, packages_above_depth=None, packages_select_by_dep=None, packages_skip_by_dep=None, packages_skip_up_to=None, packages_select_build_failed=False, packages_skip_build_finished=False, packages_select_test_failures=False, packages_skip_test_passed=False, packages_select=['thrust_package'], packages_skip=None, packages_select_regex=None, packages_skip_regex=None, packages_start=None, packages_end=None, allow_overriding=[], cmake_args=None, cmake_target=None, cmake_target_skip_unavailable=False, cmake_clean_cache=False, cmake_clean_first=False, cmake_force_configure=False, ament_cmake_args=None, catkin_cmake_args=None, catkin_skip_building_tests=False, verb_parser=<colcon_defaults.argument_parser.defaults.DefaultArgumentsDecorator object at 0x798087badde0>, verb_extension=<colcon_core.verb.build.BuildVerb object at 0x798087bad8a0>, main=<bound method BuildVerb.main of <colcon_core.verb.build.BuildVerb object at 0x798087bad8a0>>)
[0.380s] Level 1:colcon.colcon_core.package_discovery:discover_packages(colcon_meta) check parameters
[0.380s] Level 1:colcon.colcon_core.package_discovery:discover_packages(recursive) check parameters
[0.381s] Level 1:colcon.colcon_core.package_discovery:discover_packages(ignore) check parameters
[0.381s] Level 1:colcon.colcon_core.package_discovery:discover_packages(path) check parameters
[0.381s] Level 1:colcon.colcon_core.package_discovery:discover_packages(colcon_meta) discover
[0.381s] Level 1:colcon.colcon_core.package_discovery:discover_packages(recursive) discover
[0.381s] INFO:colcon.colcon_core.package_discovery:Crawling recursively for packages in '/home/uaskash/uas_ws'
[0.381s] Level 1:colcon.colcon_core.package_identification:_identify(.) by extensions ['ignore', 'ignore_ament_install']
[0.381s] Level 1:colcon.colcon_core.package_identification:_identify(.) by extension 'ignore'
[0.382s] Level 1:colcon.colcon_core.package_identification:_identify(.) by extension 'ignore_ament_install'
[0.382s] Level 1:colcon.colcon_core.package_identification:_identify(.) by extensions ['colcon_pkg']
[0.382s] Level 1:colcon.colcon_core.package_identification:_identify(.) by extension 'colcon_pkg'
[0.382s] Level 1:colcon.colcon_core.package_identification:_identify(.) by extensions ['colcon_meta']
[0.382s] Level 1:colcon.colcon_core.package_identification:_identify(.) by extension 'colcon_meta'
[0.382s] Level 1:colcon.colcon_core.package_identification:_identify(.) by extensions ['ros']
[0.382s] Level 1:colcon.colcon_core.package_identification:_identify(.) by extension 'ros'
[0.429s] Level 1:colcon.colcon_core.package_identification:_identify(.) by extensions ['cmake', 'python']
[0.430s] Level 1:colcon.colcon_core.package_identification:_identify(.) by extension 'cmake'
[0.430s] Level 1:colcon.colcon_core.package_identification:_identify(.) by extension 'python'
[0.430s] Level 1:colcon.colcon_core.package_identification:_identify(.) by extensions ['python_setup_py']
[0.430s] Level 1:colcon.colcon_core.package_identification:_identify(.) by extension 'python_setup_py'
[0.430s] Level 1:colcon.colcon_core.package_identification:_identify(build) by extensions ['ignore', 'ignore_ament_install']
[0.431s] Level 1:colcon.colcon_core.package_identification:_identify(build) by extension 'ignore'
[0.431s] Level 1:colcon.colcon_core.package_identification:_identify(build) ignored
[0.431s] Level 1:colcon.colcon_core.package_identification:_identify(install) by extensions ['ignore', 'ignore_ament_install']
[0.432s] Level 1:colcon.colcon_core.package_identification:_identify(install) by extension 'ignore'
[0.432s] Level 1:colcon.colcon_core.package_identification:_identify(install) ignored
[0.432s] Level 1:colcon.colcon_core.package_identification:_identify(log) by extensions ['ignore', 'ignore_ament_install']
[0.432s] Level 1:colcon.colcon_core.package_identification:_identify(log) by extension 'ignore'
[0.432s] Level 1:colcon.colcon_core.package_identification:_identify(log) ignored
[0.433s] Level 1:colcon.colcon_core.package_identification:_identify(src) by extensions ['ignore', 'ignore_ament_install']
[0.433s] Level 1:colcon.colcon_core.package_identification:_identify(src) by extension 'ignore'
[0.433s] Level 1:colcon.colcon_core.package_identification:_identify(src) by extension 'ignore_ament_install'
[0.433s] Level 1:colcon.colcon_core.package_identification:_identify(src) by extensions ['colcon_pkg']
[0.433s] Level 1:colcon.colcon_core.package_identification:_identify(src) by extension 'colcon_pkg'
[0.433s] Level 1:colcon.colcon_core.package_identification:_identify(src) by extensions ['colcon_meta']
[0.433s] Level 1:colcon.colcon_core.package_identification:_identify(src) by extension 'colcon_meta'
[0.433s] Level 1:colcon.colcon_core.package_identification:_identify(src) by extensions ['ros']
[0.433s] Level 1:colcon.colcon_core.package_identification:_identify(src) by extension 'ros'
[0.434s] Level 1:colcon.colcon_core.package_identification:_identify(src) by extensions ['cmake', 'python']
[0.434s] Level 1:colcon.colcon_core.package_identification:_identify(src) by extension 'cmake'
[0.434s] Level 1:colcon.colcon_core.package_identification:_identify(src) by extension 'python'
[0.434s] Level 1:colcon.colcon_core.package_identification:_identify(src) by extensions ['python_setup_py']
[0.434s] Level 1:colcon.colcon_core.package_identification:_identify(src) by extension 'python_setup_py'
[0.434s] Level 1:colcon.colcon_core.package_identification:_identify(src/thrust_package) by extensions ['ignore', 'ignore_ament_install']
[0.434s] Level 1:colcon.colcon_core.package_identification:_identify(src/thrust_package) by extension 'ignore'
[0.435s] Level 1:colcon.colcon_core.package_identification:_identify(src/thrust_package) by extension 'ignore_ament_install'
[0.435s] Level 1:colcon.colcon_core.package_identification:_identify(src/thrust_package) by extensions ['colcon_pkg']
[0.435s] Level 1:colcon.colcon_core.package_identification:_identify(src/thrust_package) by extension 'colcon_pkg'
[0.435s] Level 1:colcon.colcon_core.package_identification:_identify(src/thrust_package) by extensions ['colcon_meta']
[0.435s] Level 1:colcon.colcon_core.package_identification:_identify(src/thrust_package) by extension 'colcon_meta'
[0.435s] Level 1:colcon.colcon_core.package_identification:_identify(src/thrust_package) by extensions ['ros']
[0.435s] Level 1:colcon.colcon_core.package_identification:_identify(src/thrust_package) by extension 'ros'
[0.444s] DEBUG:colcon.colcon_core.package_identification:Package 'src/thrust_package' with type 'ros.ament_python' and name 'thrust_package'
[0.444s] Level 1:colcon.colcon_core.package_discovery:discover_packages(recursive) using defaults
[0.444s] Level 1:colcon.colcon_core.package_discovery:discover_packages(ignore) discover
[0.444s] Level 1:colcon.colcon_core.package_discovery:discover_packages(ignore) using defaults
[0.444s] Level 1:colcon.colcon_core.package_discovery:discover_packages(path) discover
[0.445s] Level 1:colcon.colcon_core.package_discovery:discover_packages(path) using defaults
[0.501s] Level 1:colcon.colcon_core.package_discovery:discover_packages(prefix_path) check parameters
[0.501s] Level 1:colcon.colcon_core.package_discovery:discover_packages(prefix_path) discover
[0.506s] DEBUG:colcon.colcon_installed_package_information.package_discovery:Found 1 installed packages in /home/uaskash/uas_ws/install
[0.508s] DEBUG:colcon.colcon_installed_package_information.package_discovery:Found 5 installed packages in /home/uaskash/crazyflie_ws/install
[0.511s] DEBUG:colcon.colcon_installed_package_information.package_discovery:Found 274 installed packages in /opt/ros/humble
[0.515s] Level 1:colcon.colcon_core.package_discovery:discover_packages(prefix_path) using defaults
[0.610s] Level 5:colcon.colcon_core.verb:set package 'thrust_package' build argument 'cmake_args' from command line to 'None'
[0.611s] Level 5:colcon.colcon_core.verb:set package 'thrust_package' build argument 'cmake_target' from command line to 'None'
[0.611s] Level 5:colcon.colcon_core.verb:set package 'thrust_package' build argument 'cmake_target_skip_unavailable' from command line to 'False'
[0.611s] Level 5:colcon.colcon_core.verb:set package 'thrust_package' build argument 'cmake_clean_cache' from command line to 'False'
[0.611s] Level 5:colcon.colcon_core.verb:set package 'thrust_package' build argument 'cmake_clean_first' from command line to 'False'
[0.611s] Level 5:colcon.colcon_core.verb:set package 'thrust_package' build argument 'cmake_force_configure' from command line to 'False'
[0.611s] Level 5:colcon.colcon_core.verb:set package 'thrust_package' build argument 'ament_cmake_args' from command line to 'None'
[0.611s] Level 5:colcon.colcon_core.verb:set package 'thrust_package' build argument 'catkin_cmake_args' from command line to 'None'
[0.611s] Level 5:colcon.colcon_core.verb:set package 'thrust_package' build argument 'catkin_skip_building_tests' from command line to 'False'
[0.611s] DEBUG:colcon.colcon_core.verb:Building package 'thrust_package' with the following arguments: {'ament_cmake_args': None, 'build_base': '/home/uaskash/uas_ws/build/thrust_package', 'catkin_cmake_args': None, 'catkin_skip_building_tests': False, 'cmake_args': None, 'cmake_clean_cache': False, 'cmake_clean_first': False, 'cmake_force_configure': False, 'cmake_target': None, 'cmake_target_skip_unavailable': False, 'install_base': '/home/uaskash/uas_ws/install/thrust_package', 'merge_install': False, 'path': '/home/uaskash/uas_ws/src/thrust_package', 'symlink_install': False, 'test_result_base': None}
[0.612s] INFO:colcon.colcon_core.executor:Executing jobs using 'parallel' executor
[0.614s] DEBUG:colcon.colcon_parallel_executor.executor.parallel:run_until_complete
[0.615s] INFO:colcon.colcon_ros.task.ament_python.build:Building ROS package in '/home/uaskash/uas_ws/src/thrust_package' with build type 'ament_python'
[0.615s] Level 1:colcon.colcon_core.shell:create_environment_hook('thrust_package', 'ament_prefix_path')
[0.621s] INFO:colcon.colcon_core.plugin_system:Skipping extension 'colcon_core.shell.bat': Not used on non-Windows systems
[0.622s] INFO:colcon.colcon_core.shell:Creating environment hook '/home/uaskash/uas_ws/install/thrust_package/share/thrust_package/hook/ament_prefix_path.ps1'
[0.624s] INFO:colcon.colcon_core.shell:Creating environment descriptor '/home/uaskash/uas_ws/install/thrust_package/share/thrust_package/hook/ament_prefix_path.dsv'
[0.625s] INFO:colcon.colcon_core.shell:Creating environment hook '/home/uaskash/uas_ws/install/thrust_package/share/thrust_package/hook/ament_prefix_path.sh'
[0.628s] INFO:colcon.colcon_core.shell:Skip shell extension 'powershell' for command environment: Not usable outside of PowerShell
[0.629s] DEBUG:colcon.colcon_core.shell:Skip shell extension 'dsv' for command environment
[1.259s] INFO:colcon.colcon_core.task.python.build:Building Python package in '/home/uaskash/uas_ws/src/thrust_package'
[1.260s] INFO:colcon.colcon_core.shell:Skip shell extension 'powershell' for command environment: Not usable outside of PowerShell
[1.260s] DEBUG:colcon.colcon_core.shell:Skip shell extension 'dsv' for command environment
[2.491s] DEBUG:colcon.colcon_core.event_handler.log_command:Invoking command in '/home/uaskash/uas_ws/src/thrust_package': PYTHONPATH=/home/uaskash/uas_ws/build/thrust_package/prefix_override:/usr/lib/python3/dist-packages/colcon_core/task/python/colcon_distutils_commands:/home/uaskash/uas_ws/install/thrust_package/lib/python3.10/site-packages:${PYTHONPATH} /usr/bin/python3 -W ignore:setup.py install is deprecated -W ignore:easy_install command is deprecated setup.py egg_info --egg-base ../../build/thrust_package build --build-base /home/uaskash/uas_ws/build/thrust_package/build install --record /home/uaskash/uas_ws/build/thrust_package/install.log --single-version-externally-managed install_data
[3.760s] DEBUG:colcon.colcon_core.event_handler.log_command:Invoked command in '/home/uaskash/uas_ws/src/thrust_package' returned '0': PYTHONPATH=/home/uaskash/uas_ws/build/thrust_package/prefix_override:/usr/lib/python3/dist-packages/colcon_core/task/python/colcon_distutils_commands:/home/uaskash/uas_ws/install/thrust_package/lib/python3.10/site-packages:${PYTHONPATH} /usr/bin/python3 -W ignore:setup.py install is deprecated -W ignore:easy_install command is deprecated setup.py egg_info --egg-base ../../build/thrust_package build --build-base /home/uaskash/uas_ws/build/thrust_package/build install --record /home/uaskash/uas_ws/build/thrust_package/install.log --single-version-externally-managed install_data
[3.763s] Level 1:colcon.colcon_core.environment:checking '/home/uaskash/uas_ws/install/thrust_package' for CMake module files
[3.764s] Level 1:colcon.colcon_core.environment:checking '/home/uaskash/uas_ws/install/thrust_package' for CMake config files
[3.766s] Level 1:colcon.colcon_core.environment:checking '/home/uaskash/uas_ws/install/thrust_package/lib'
[3.767s] Level 1:colcon.colcon_core.environment:checking '/home/uaskash/uas_ws/install/thrust_package/bin'
[3.767s] Level 1:colcon.colcon_core.environment:checking '/home/uaskash/uas_ws/install/thrust_package/lib/pkgconfig/thrust_package.pc'
[3.768s] Level 1:colcon.colcon_core.environment:checking '/home/uaskash/uas_ws/install/thrust_package/lib/python3.10/site-packages'
[3.768s] Level 1:colcon.colcon_core.shell:create_environment_hook('thrust_package', 'pythonpath')
[3.769s] INFO:colcon.colcon_core.shell:Creating environment hook '/home/uaskash/uas_ws/install/thrust_package/share/thrust_package/hook/pythonpath.ps1'
[3.771s] INFO:colcon.colcon_core.shell:Creating environment descriptor '/home/uaskash/uas_ws/install/thrust_package/share/thrust_package/hook/pythonpath.dsv'
[3.773s] INFO:colcon.colcon_core.shell:Creating environment hook '/home/uaskash/uas_ws/install/thrust_package/share/thrust_package/hook/pythonpath.sh'
[3.775s] Level 1:colcon.colcon_core.environment:checking '/home/uaskash/uas_ws/install/thrust_package/bin'
[3.775s] Level 1:colcon.colcon_core.environment:create_environment_scripts_only(thrust_package)
[3.777s] INFO:colcon.colcon_core.shell:Creating package script '/home/uaskash/uas_ws/install/thrust_package/share/thrust_package/package.ps1'
[3.779s] INFO:colcon.colcon_core.shell:Creating package descriptor '/home/uaskash/uas_ws/install/thrust_package/share/thrust_package/package.dsv'
[3.782s] INFO:colcon.colcon_core.shell:Creating package script '/home/uaskash/uas_ws/install/thrust_package/share/thrust_package/package.sh'
[3.785s] INFO:colcon.colcon_core.shell:Creating package script '/home/uaskash/uas_ws/install/thrust_package/share/thrust_package/package.bash'
[3.789s] INFO:colcon.colcon_core.shell:Creating package script '/home/uaskash/uas_ws/install/thrust_package/share/thrust_package/package.zsh'
[3.792s] Level 1:colcon.colcon_core.environment:create_file_with_runtime_dependencies(/home/uaskash/uas_ws/install/thrust_package/share/colcon-core/packages/thrust_package)
[3.793s] DEBUG:colcon.colcon_parallel_executor.executor.parallel:closing loop
[3.794s] DEBUG:colcon.colcon_parallel_executor.executor.parallel:loop closed
[3.794s] DEBUG:colcon.colcon_parallel_executor.executor.parallel:run_until_complete finished with '0'
[3.794s] DEBUG:colcon.colcon_core.event_reactor:joining thread
[3.815s] INFO:colcon.colcon_core.plugin_system:Skipping extension 'colcon_notification.desktop_notification.notify_send': Could not find 'notify-send'
[3.815s] INFO:colcon.colcon_core.plugin_system:Skipping extension 'colcon_notification.desktop_notification.terminal_notifier': Not used on non-Darwin systems
[3.816s] INFO:colcon.colcon_core.plugin_system:Skipping extension 'colcon_notification.desktop_notification.win32': Not used on non-Windows systems
[3.816s] INFO:colcon.colcon_notification.desktop_notification:Sending desktop notification using 'notify2'
[3.824s] DEBUG:colcon.colcon_notification.desktop_notification.notify2:Failed to initialize notify2: org.freedesktop.DBus.Error.Spawn.ExecFailed: /usr/bin/dbus-launch terminated abnormally without any error message
[3.825s] DEBUG:colcon.colcon_core.event_reactor:joined thread
[3.826s] INFO:colcon.colcon_core.shell:Creating prefix script '/home/uaskash/uas_ws/install/local_setup.ps1'
[3.829s] INFO:colcon.colcon_core.shell:Creating prefix util module '/home/uaskash/uas_ws/install/_local_setup_util_ps1.py'
[3.832s] INFO:colcon.colcon_core.shell:Creating prefix chain script '/home/uaskash/uas_ws/install/setup.ps1'
[3.836s] INFO:colcon.colcon_core.shell:Creating prefix script '/home/uaskash/uas_ws/install/local_setup.sh'
[3.839s] INFO:colcon.colcon_core.shell:Creating prefix util module '/home/uaskash/uas_ws/install/_local_setup_util_sh.py'
[3.840s] INFO:colcon.colcon_core.shell:Creating prefix chain script '/home/uaskash/uas_ws/install/setup.sh'
[3.843s] INFO:colcon.colcon_core.shell:Creating prefix script '/home/uaskash/uas_ws/install/local_setup.bash'
[3.844s] INFO:colcon.colcon_core.shell:Creating prefix chain script '/home/uaskash/uas_ws/install/setup.bash'
[3.847s] INFO:colcon.colcon_core.shell:Creating prefix script '/home/uaskash/uas_ws/install/local_setup.zsh'
[3.848s] INFO:colcon.colcon_core.shell:Creating prefix chain script '/home/uaskash/uas_ws/install/setup.zsh'
