[1.891s] Invoking command in '/home/uaskash/uas_ws/src/thrust_package': PYTHONPATH=/home/uaskash/uas_ws/build/thrust_package/prefix_override:/usr/lib/python3/dist-packages/colcon_core/task/python/colcon_distutils_commands:/home/uaskash/uas_ws/install/thrust_package/lib/python3.10/site-packages:${PYTHONPATH} /usr/bin/python3 -W ignore:setup.py install is deprecated -W ignore:easy_install command is deprecated setup.py egg_info --egg-base ../../build/thrust_package build --build-base /home/uaskash/uas_ws/build/thrust_package/build install --record /home/uaskash/uas_ws/build/thrust_package/install.log --single-version-externally-managed install_data
[2.207s] /home/uaskash/.local/lib/python3.10/site-packages/setuptools/_distutils/dist.py:289: UserWarning: Unknown distribution option: 'tests_require'
[2.208s]   warnings.warn(msg)
[2.396s] running egg_info
[2.427s] writing ../../build/thrust_package/thrust_package.egg-info/PKG-INFO
[2.435s] writing dependency_links to ../../build/thrust_package/thrust_package.egg-info/dependency_links.txt
[2.436s] writing entry points to ../../build/thrust_package/thrust_package.egg-info/entry_points.txt
[2.436s] writing requirements to ../../build/thrust_package/thrust_package.egg-info/requires.txt
[2.437s] writing top-level names to ../../build/thrust_package/thrust_package.egg-info/top_level.txt
[2.503s] reading manifest file '../../build/thrust_package/thrust_package.egg-info/SOURCES.txt'
[2.504s] adding license file 'LICENSE'
[2.506s] writing manifest file '../../build/thrust_package/thrust_package.egg-info/SOURCES.txt'
[2.506s] running build
[2.506s] running build_py
[2.507s] copying thrust_package/thrust_command.py -> /home/uaskash/uas_ws/build/thrust_package/build/lib/thrust_package
[2.507s] copying thrust_package/__init__.py -> /home/uaskash/uas_ws/build/thrust_package/build/lib/thrust_package
[2.508s] running install
[2.515s] running install_lib
[2.548s] copying /home/uaskash/uas_ws/build/thrust_package/build/lib/thrust_package/thrust_command.py -> /home/uaskash/uas_ws/install/thrust_package/lib/python3.10/site-packages/thrust_package
[2.550s] byte-compiling /home/uaskash/uas_ws/install/thrust_package/lib/python3.10/site-packages/thrust_package/thrust_command.py to thrust_command.cpython-310.pyc
[2.550s] running install_data
[2.550s] Sorry: TabError: inconsistent use of tabs and spaces in indentation (thrust_command.py, line 15)
[2.551s] copying resource/thrust_package -> /home/uaskash/uas_ws/install/thrust_package/share/ament_index/resource_index/packages
[2.551s] copying package.xml -> /home/uaskash/uas_ws/install/thrust_package/share/thrust_package
[2.551s] running install_egg_info
[2.585s] removing '/home/uaskash/uas_ws/install/thrust_package/lib/python3.10/site-packages/thrust_package-0.0.0-py3.10.egg-info' (and everything under it)
[2.586s] Copying ../../build/thrust_package/thrust_package.egg-info to /home/uaskash/uas_ws/install/thrust_package/lib/python3.10/site-packages/thrust_package-0.0.0-py3.10.egg-info
[2.589s] running install_scripts
[2.840s] Installing thrust_command script to /home/uaskash/uas_ws/install/thrust_package/lib/thrust_package
[2.848s] writing list of installed files to '/home/uaskash/uas_ws/build/thrust_package/install.log'
[2.927s] Invoked command in '/home/uaskash/uas_ws/src/thrust_package' returned '0': PYTHONPATH=/home/uaskash/uas_ws/build/thrust_package/prefix_override:/usr/lib/python3/dist-packages/colcon_core/task/python/colcon_distutils_commands:/home/uaskash/uas_ws/install/thrust_package/lib/python3.10/site-packages:${PYTHONPATH} /usr/bin/python3 -W ignore:setup.py install is deprecated -W ignore:easy_install command is deprecated setup.py egg_info --egg-base ../../build/thrust_package build --build-base /home/uaskash/uas_ws/build/thrust_package/build install --record /home/uaskash/uas_ws/build/thrust_package/install.log --single-version-externally-managed install_data
