[2.192s] Invoking command in '/home/uaskash/uas_ws/src/thrust_package': PYTHONPATH=/home/uaskash/uas_ws/build/thrust_package/prefix_override:/usr/lib/python3/dist-packages/colcon_core/task/python/colcon_distutils_commands:/home/uaskash/uas_ws/install/thrust_package/lib/python3.10/site-packages:${PYTHONPATH} /usr/bin/python3 -W ignore:setup.py install is deprecated -W ignore:easy_install command is deprecated setup.py egg_info --egg-base ../../build/thrust_package build --build-base /home/uaskash/uas_ws/build/thrust_package/build install --record /home/uaskash/uas_ws/build/thrust_package/install.log --single-version-externally-managed install_data
[2.416s] /home/uaskash/.local/lib/python3.10/site-packages/setuptools/_distutils/dist.py:289: UserWarning: Unknown distribution option: 'tests_require'
[2.416s]   warnings.warn(msg)
[2.527s] running egg_info
[2.543s] writing ../../build/thrust_package/thrust_package.egg-info/PKG-INFO
[2.544s] writing dependency_links to ../../build/thrust_package/thrust_package.egg-info/dependency_links.txt
[2.544s] writing entry points to ../../build/thrust_package/thrust_package.egg-info/entry_points.txt
[2.544s] writing requirements to ../../build/thrust_package/thrust_package.egg-info/requires.txt
[2.544s] writing top-level names to ../../build/thrust_package/thrust_package.egg-info/top_level.txt
[2.582s] reading manifest file '../../build/thrust_package/thrust_package.egg-info/SOURCES.txt'
[2.583s] adding license file 'LICENSE'
[2.584s] writing manifest file '../../build/thrust_package/thrust_package.egg-info/SOURCES.txt'
[2.584s] running build
[2.584s] running build_py
[2.585s] copying thrust_package/__init__.py -> /home/uaskash/uas_ws/build/thrust_package/build/lib/thrust_package
[2.585s] copying thrust_package/thrust_command.py -> /home/uaskash/uas_ws/build/thrust_package/build/lib/thrust_package
[2.585s] copying thrust_package/position_converter.py -> /home/uaskash/uas_ws/build/thrust_package/build/lib/thrust_package
[2.586s] copying thrust_package/controller.py -> /home/uaskash/uas_ws/build/thrust_package/build/lib/thrust_package
[2.586s] copying thrust_package/arm_command.py -> /home/uaskash/uas_ws/build/thrust_package/build/lib/thrust_package
[2.587s] running install
[2.592s] running install_lib
[2.611s] running install_data
[2.611s] copying resource/thrust_package -> /home/uaskash/uas_ws/install/thrust_package/share/ament_index/resource_index/packages
[2.612s] copying package.xml -> /home/uaskash/uas_ws/install/thrust_package/share/thrust_package
[2.612s] running install_egg_info
[2.633s] removing '/home/uaskash/uas_ws/install/thrust_package/lib/python3.10/site-packages/thrust_package-0.0.0-py3.10.egg-info' (and everything under it)
[2.633s] Copying ../../build/thrust_package/thrust_package.egg-info to /home/uaskash/uas_ws/install/thrust_package/lib/python3.10/site-packages/thrust_package-0.0.0-py3.10.egg-info
[2.635s] running install_scripts
[2.785s] Installing arm_command script to /home/uaskash/uas_ws/install/thrust_package/lib/thrust_package
[2.785s] Installing controller script to /home/uaskash/uas_ws/install/thrust_package/lib/thrust_package
[2.786s] Installing position_converter script to /home/uaskash/uas_ws/install/thrust_package/lib/thrust_package
[2.786s] Installing thrust script to /home/uaskash/uas_ws/install/thrust_package/lib/thrust_package
[2.787s] writing list of installed files to '/home/uaskash/uas_ws/build/thrust_package/install.log'
[2.830s] Invoked command in '/home/uaskash/uas_ws/src/thrust_package' returned '0': PYTHONPATH=/home/uaskash/uas_ws/build/thrust_package/prefix_override:/usr/lib/python3/dist-packages/colcon_core/task/python/colcon_distutils_commands:/home/uaskash/uas_ws/install/thrust_package/lib/python3.10/site-packages:${PYTHONPATH} /usr/bin/python3 -W ignore:setup.py install is deprecated -W ignore:easy_install command is deprecated setup.py egg_info --egg-base ../../build/thrust_package build --build-base /home/uaskash/uas_ws/build/thrust_package/build install --record /home/uaskash/uas_ws/build/thrust_package/install.log --single-version-externally-managed install_data
